Kezd -> -1

 -> -1
	 -> -1
egesz -> -1
  -> -1
0 -> 1
, -> -1
0 -> 2
, -> -1
  -> -1
0 -> 3
; -> -1

 -> -1
	 -> -1
0 -> 4
  -> -1
0 -> 1
; -> -1

 -> -1
	 -> -1
0 -> 4
  -> -1
0 -> 2
; -> -1

 -> -1
	 -> -1
amig -> -1
  -> -1
( -> -1
  -> -1
0 -> 1
  -> -1
nemegyenlo -> -1
  -> -1
1 -> 1
  -> -1
) -> -1
{ -> -1

 -> -1
	 -> -1
	 -> -1
0 -> 5
  -> -1
kapja -> -1
  -> -1
0 -> 6
; -> -1

 -> -1
	 -> -1
	 -> -1
0 -> 6
  -> -1
kapja -> -1
  -> -1
0 -> 7
  -> -1
0 -> 8
  -> -1
0 -> 6
; -> -1

 -> -1
	 -> -1
	 -> -1
0 -> 7
  -> -1
kapja -> -1
  -> -1
0 -> 5
; -> -1

 -> -1
	 -> -1
} -> -1

 -> -1
	 -> -1
0 -> 9
  -> -1
0 -> 7

 -> -1

 -> -1
	 -> -1
ha -> -1
( -> -1
0 -> 1
  -> -1
egyenlo -> -1
  -> -1
1 -> 2
) -> -1
{ -> -1

 -> -1
	 -> -1
	 -> -1
0 -> 10
( -> -1
1 -> 3
) -> -1
; -> -1

 -> -1
	 -> -1
	 -> -1
0 -> 10
( -> -1
1 -> 4
) -> -1
; -> -1

 -> -1
	 -> -1
} -> -1

 -> -1
	 -> -1
kulonben -> -1
{ -> -1

 -> -1
	 -> -1
	 -> -1
0 -> 10
( -> -1
1 -> 5
) -> -1
; -> -1

 -> -1
	 -> -1
} -> -1

 -> -1
Vegez -> -1

 -> -1
