Kezd -> -1
egesz -> -1
1 -> 1
, -> -1
1 -> 2
, -> -1
1 -> 3
, -> -1
1 -> 4
; -> -1
olvas -> -1
( -> -1
1 -> 1
) -> -1
; -> -1
olvas -> -1
( -> -1
1 -> 2
) -> -1
; -> -1
olvas -> -1
( -> -1
1 -> 3
) -> -1
; -> -1
ha -> -1
( -> -1
1 -> 1
nagyobb -> -1
1 -> 2
) -> -1
{ -> -1
1 -> 4
kapja -> -1
1 -> 1
} -> -1
kulonben -> -1
{ -> -1
1 -> 4
kapja -> -1
1 -> 2
} -> -1
; -> -1
ha -> -1
( -> -1
1 -> 3
nagyobb -> -1
1 -> 4
) -> -1
{ -> -1
1 -> 4
kapja -> -1
1 -> 3
} -> -1
; -> -1
kiir -> -1
( -> -1
1 -> 4
) -> -1
Vegez -> -1
